{
  "RSpec": {
    "coverage": {
      "/home/spectacular-queue-0392/tic-tac-toe-rb-ruby-apply-000/lib/tic_tac_toe.rb": [
        1,
        1,
        1,
        1,
        2,
        1,
        null,
        0,
        0,
        null,
        0,
        null,
        null,
        null,
        null,
        1,
        6,
        6,
        6,
        6,
        6,
        null,
        null,
        1,
        6,
        null,
        null,
        1,
        9321,
        null,
        null,
        1,
        4,
        4,
        null,
        0,
        null,
        null,
        null,
        1,
        9319,
        9318,
        9318,
        9318,
        3,
        null,
        9315,
        null,
        4,
        null,
        null,
        1,
        5,
        5,
        45,
        5,
        null,
        null,
        5,
        null,
        null,
        1,
        9321,
        null,
        null,
        null,
        1,
        9323,
        null,
        null,
        null,
        null,
        null,
        null,
        1,
        null,
        null,
        null,
        null,
        null,
        null,
        null,
        null,
        null,
        1,
        8,
        56,
        56,
        56,
        null,
        56,
        56,
        56,
        null,
        56,
        4,
        null,
        null,
        4,
        null,
        null,
        1,
        9,
        60,
        null,
        null,
        null,
        1,
        5,
        null,
        null,
        1,
        3,
        null,
        null,
        null,
        1,
        3,
        3,
        3,
        null,
        null,
        2,
        1,
        null,
        1,
        null,
        null,
        null
      ]
    },
    "timestamp": 1603808758
  }
}
