{
  "RSpec": {
    "coverage": {
      "/home/spectacular-queue-0392/tic-tac-toe-rb-ruby-apply-000/lib/tic_tac_toe.rb": [
        1,
        4,
        5,
        5,
        null,
        null,
        null,
        null,
        1,
        10,
        10,
        10,
        10,
        10,
        null,
        null,
        1,
        10,
        null,
        null,
        1,
        11,
        null,
        null,
        1,
        8,
        7,
        null,
        1,
        null,
        null,
        null,
        1,
        8,
        8,
        8,
        8,
        7,
        null,
        1,
        null,
        8,
        null,
        null,
        1,
        9,
        9,
        81,
        6,
        null,
        null,
        9,
        null,
        null,
        1,
        11,
        null,
        null,
        null,
        1,
        13,
        null,
        null,
        null,
        null,
        null,
        null,
        1,
        null,
        null,
        null,
        null,
        null,
        null,
        null,
        null,
        null,
        1,
        8,
        56,
        56,
        56,
        null,
        56,
        56,
        56,
        null,
        56,
        4,
        null,
        null,
        4,
        null,
        null,
        1,
        9,
        60,
        null,
        null,
        null,
        1,
        5,
        null,
        null,
        1,
        3,
        null,
        null,
        null,
        1,
        3,
        3,
        3,
        null,
        null,
        2,
        1,
        null,
        1,
        null,
        null,
        null
      ]
    },
    "timestamp": 1603812027
  }
}
